make all --print-data-base --no-builtin-variables --no-builtin-rules --question
make: *** No rule to make target 'all'.  Stop.

# GNU Make 4.1
# Built for x86_64-pc-linux-gnu
# Copyright (C) 1988-2014 Free Software Foundation, Inc.
# License GPLv3+: GNU GPL version 3 or later <http://gnu.org/licenses/gpl.html>
# This is free software: you are free to change and redistribute it.
# There is NO WARRANTY, to the extent permitted by law.

# Make data base, printed on Sat Dec  2 07:25:50 2023

# Variables

# 'override' directive
GNUMAKEFLAGS := 
# automatic
<D = $(patsubst %/,%,$(dir $<))
# automatic
?F = $(notdir $?)
# environment
DESKTOP_SESSION = ubuntu
# default
.SHELLFLAGS := -c
# environment
VSCODE_CRASH_REPORTER_PROCESS_TYPE = extensionHost
# environment
SNAP_COMMON = /var/snap/code/common
# environment
XDG_SESSION_TYPE = x11
# environment
SNAP_EUID = 1000
# automatic
?D = $(patsubst %/,%,$(dir $?))
# environment
IM_CONFIG_PHASE = 2
# automatic
@D = $(patsubst %/,%,$(dir $@))
# environment
XAUTHORITY = /run/user/1000/gdm/Xauthority
# environment
GDMSESSION = ubuntu
# environment
XMODIFIERS = @im=ibus
# makefile
CURDIR := /home/khanh/Desktop/Linux/General Topics/static-lib_shared-lib
# makefile
SHELL = /bin/sh
# environment
SNAP_DATA = /var/snap/code/146
# environment
GIO_MODULE_DIR = /home/khanh/snap/code/common/.cache/gio-modules
# environment
VSCODE_NLS_CONFIG = {"locale":"en-us","osLocale":"en-us","availableLanguages":{},"_languagePackSupport":true}
# environment
_ = /snap/code/146/usr/share/code/code
# environment
XDG_CONFIG_DIRS_VSCODE_SNAP_ORIG = /etc/xdg/xdg-ubuntu:/etc/xdg
# environment
XDG_CONFIG_DIRS = /etc/xdg/xdg-ubuntu:/etc/xdg
# environment
SNAP_INSTANCE_NAME = code
# environment
SNAP_ARCH = amd64
# makefile (from 'Makefile', line 1)
MAKEFILE_LIST :=  Makefile
# makefile (from 'Makefile', line 10)
LIB_DIR := ./lib
# automatic
 
@F = $(notdir $@)
# makefile (from 'Makefile', line 12)
LIB_STATIC := ./lib/static
# environment
GIO_LAUNCHED_DESKTOP_FILE = /var/lib/snapd/desktop/applications/code_code.desktop
# makefile (from 'Makefile', line 3)
NAME_SHARED := KH_SHARED
# environment
USERNAME = khanh
# environment
XDG_DATA_DIRS_VSCODE_SNAP_ORIG = /usr/share/ubuntu:/usr/local/share/:/usr/share/:/var/lib/snapd/desktop
# environment
XDG_DATA_DIRS = /home/khanh/snap/code/146/.local/share:/home/khanh/snap/code/146:/snap/code/146/usr/share:/usr/share/ubuntu:/usr/local/share/:/usr/share/:/var/lib/snapd/desktop
# environment
DBUS_SESSION_BUS_ADDRESS = unix:path=/run/user/1000/bus
# environment
CLUTTER_IM_MODULE = xim
# environment
LESSOPEN = | /usr/bin/lesspipe %s
# environment
VSCODE_CWD = /home/khanh
# environment
GSETTINGS_SCHEMA_DIR = /home/khanh/snap/code/146/.local/share/glib-2.0/schemas
# default
MAKE_HOST := x86_64-pc-linux-gnu
# environment
PATH = /usr/local/sbin:/usr/local/bin:/usr/sbin:/usr/bin:/sbin:/bin:/usr/games:/usr/local/games:/snap/bin
# environment
GPG_AGENT_INFO = /run/user/1000/gnupg/S.gpg-agent:0:1
# environment
SESSION_MANAGER = local/ubuntu:@/tmp/.ICE-unix/1470,unix/ubuntu:/tmp/.ICE-unix/1470
# environment
XDG_RUNTIME_DIR = /run/user/1000
# environment
GDK_PIXBUF_MODULE_FILE = /home/khanh/snap/code/common/.cache/gdk-pixbuf-loaders.cache
# environment
TEXTDOMAIN = im-config
# environment
SNAP = /snap/code/146
# environment
SNAP_VERSION = 1a5daa3a
# environment
XDG_MENU_PREFIX = gnome-
# environment
ELECTRON_RUN_AS_NODE = 1
# environment
GDK_PIXBUF_MODULEDIR = /snap/code/146/usr/lib/x86_64-linux-gnu/gdk-pixbuf-2.0/2.10.0/loaders
# default
.FEATURES := target-specific order-only second-expansion else-if shortest-stem undefine oneshell archives jobserver output-sync check-symlink load
# environment
ELECTRON_NO_ATTACH_CONSOLE = 1
# environment
XDG_SESSION_DESKTOP = ubuntu
# environment
SSH_AUTH_SOCK = /run/user/1000/keyring/ssh
# environment
GIO_LAUNCHED_DESKTOP_FILE_PID = 8246
# automatic
%F = $(notdir $%)
# environment
DISPLAY = :0
# environment
GTK_IM_MODULE = ibus
# makefile (from 'Makefile', line 4)
NAME_STATIC := KH_SHARED
# environment
PWD = /home/khanh/Desktop/Linux/General Topics/static-lib_shared-lib
# makefile (from 'Makefile', line 17)
INC_FLAGS := -I ./inc
# environment
XDG_SEAT = seat0
# environment
GTK_PATH = /snap/code/146/usr/lib/x86_64-linux-gnu/gtk-3.0
# environment
SSH_AGENT_PID = 1565
# environment
ORIGINAL_XDG_CURRENT_DESKTOP = ubuntu:GNOME
# makefile (from 'Makefile', line 8)
INC_DIR := ./inc
# environment
GTK_MODULES = gail:atk-bridge
# environment
VSCODE_AMD_ENTRYPOINT = vs/workbench/api/node/extensionHostProcess
# environment
HOME = /home/khanh
# environment
LESSCLOSE = /usr/bin/lesspipe %s %s
# environment
VSCODE_CLI = 1
# environment
VSCODE_CODE_CACHE_PATH = /home/khanh/.config/Code/CachedData/1a5daa3a0231a0fbba4f14db7ec463cf99d7768e
# environment
LOGNAME = khanh
# environment
APPLICATION_INSIGHTS_NO_DIAGNOSTIC_CHANNEL = 1
# environment
SNAP_LIBRARY_PATH = /var/lib/snapd/lib/gl:/var/lib/snapd/lib/gl32:/var/lib/snapd/void
# environment
SNAP_CONTEXT = 8eb7aCcCAaIFKAwcElv5VZUhQSdw7Ki15JgiliY2B5szKCx-SfG1
# environment
SNAP_LAUNCHER_ARCH_TRIPLET = x86_64-linux-gnu
# environment
SNAP_USER_COMMON = /home/khanh/snap/code/common
# environment
VSCODE_HANDLES_UNCAUGHT_ERRORS = true
# default
MAKE_VERSION := 4.1
# environment
GNOME_DESKTOP_SESSION_ID = this-is-deprecated
# automatic
^D = $(patsubst %/,%,$(dir $^))
# environment
XDG_VTNR = 2
# environment
MAKELEVEL := 0
# environment
SNAP_REAL_HOME = /home/khanh
# default
MAKE = $(MAKE_COMMAND)
# default
MAKECMDGOALS := all
# environment
QT_IM_MODULE = xim
# environment
SNAP_USER_DATA = /home/khanh/snap/code/146
# environment
SHLVL = 1
# makefile (from 'Makefile', line 21)
CC := gcc
# environment
GNOME_SHELL_SESSION_MODE = ubuntu
# environment
XDG_SESSION_ID = 2
# environment
USER = khanh
# environment
SNAP_REVISION = 146
# makefile
.DEFAULT_GOAL := mk_objs_static
# environment
XDG_CURRENT_DESKTOP = Unity
# makefile (from 'Makefile', line 19)
NAME := HELLO_1
# automatic
%D = $(patsubst %/,%,$(dir $%))
# default
MAKE_COMMAND := make
# default
.VARIABLES := 
# automatic
*F = $(notdir $*)
# environment
GTK_EXE_PREFIX = /snap/code/146/usr
# environment
VSCODE_IPC_HOOK = /run/user/1000/vscode-f275327e-1.84-main.sock
# makefile (from 'Makefile', line 6)
CURRENT_DIR := .
# environment
BAMF_DESKTOP_FILE_HINT = /var/lib/snapd/desktop/applications/code_code.desktop
# makefile
MAKEFLAGS = pqrR
# environment
MFLAGS = -pqrR
# automatic
*D = $(patsubst %/,%,$(dir $*))
# environment
GTK_IM_MODULE_FILE = /home/khanh/snap/code/common/.cache/immodules/immodules.cache
# makefile (from 'Makefile', line 14)
OBIS_DIR := ./objs
# automatic
+D = $(patsubst %/,%,$(dir $+))
# environment
VSCODE_L10N_BUNDLE_LOCATION = 
# environment
GDK_BACKEND = x11
# automatic
+F = $(notdir $+)
# environment
QT_ACCESSIBILITY = 1
# environment
TEXTDOMAINDIR = /usr/share/locale/
# default
MAKEFILES := 
# environment
SNAP_COOKIE = 8eb7aCcCAaIFKAwcElv5VZUhQSdw7Ki15JgiliY2B5szKCx-SfG1
# makefile (from 'Makefile', line 15)
SRC_DIR := ./src
# automatic
<F = $(notdir $<)
# environment
SNAP_NAME = code
# makefile (from 'Makefile', line 7)
BIN_DIR := ./bin
# environment
LC_ALL = C
# makefile (from 'Makefile', line 11)
LIB_SHARED := ./lib/shared
# environment
QT4_IM_MODULE = xim
# environment
GJS_DEBUG_TOPICS = JS ERROR;JS LOG
# automatic
^F = $(notdir $^)
# environment
SNAP_UID = 1000
# default
SUFFIXES := 
# environment
CHROME_DESKTOP = code-url-handler.desktop
# environment
WINDOWPATH = 2
# environment
LOCPATH = /snap/code/146/usr/lib/locale
# default
.INCLUDE_DIRS = /usr/include /usr/local/include /usr/include
# environment
GJS_DEBUG_OUTPUT = stderr
# default
.RECIPEPREFIX := 
# environment
LANG = C
# environment
VSCODE_PID = 8290
# variable set hash-table stats:
# Load=139/1024=14%, Rehash=0, Collisions=27/172=16%

# Pattern-specific Variable Values

# No pattern-specific variable values.

# Directories

# . (device 2049, inode 1318484): 11 files, no impossibilities.

# 11 files, no impossibilities in 1 directories.

# Implicit Rules

# No implicit rules.

# Files

# Not a target:
all:
#  Command line target.
#  Implicit rule search has been done.
#  File does not exist.
#  File has not been updated.

.PHONY: mk_objs_static
#  Implicit rule search has not been done.
#  Modification time never checked.
#  File has not been updated.
#  recipe to execute (from 'Makefile', line 1):
	 mk_static; all_static; mk_objs_shared; mk_shared; all_shared; 

mk_static:
#  Implicit rule search has not been done.
#  Modification time never checked.
#  File has not been updated.
#  recipe to execute (from 'Makefile', line 29):
	ar rcs $(LIB_STATIC)/lib$(NAME_STATIC).a $(OBIS_DIR)/matht.o  $(OBIS_DIR)/hello.o

# Not a target:
Makefile:
#  Implicit rule search has been done.
#  Last modified 2023-12-02 07:23:20.32811883
#  File has been updated.
#  Successfully updated.

mk_shared:
#  Implicit rule search has not been done.
#  Modification time never checked.
#  File has not been updated.
#  recipe to execute (from 'Makefile', line 42):
	$(CC) -shared $(OBIS_DIR)/hello.o $(OBIS_DIR)/matht.o -o $(LIB_SHARED)/lib$(NAME_SHARED).so

all_static:
#  Implicit rule search has not been done.
 
#  Modification time never checked.
#  File has not been updated.
#  recipe to execute (from 'Makefile', line 33):
	$(CC) $(OBIS_DIR)/main.o -L$(LIB_STATIC) -l$(NAME_STATIC) -o $(BIN_DIR)/use-static-linked

mk_objs_static:
#  Phony target (prerequisite of .PHONY).
#  Implicit rule search has not been done.
#  File does not exist.
#  File has not been updated.
#  recipe to execute (from 'Makefile', line 24):
	$(CC) -c $(CURRENT_DIR)/main.c -o $(OBIS_DIR)/main.o $(INC_FLAGS)
	$(CC) -c $(SRC_DIR)/hello.c -o $(OBIS_DIR)/hello.o $(INC_FLAGS)
	$(CC) -c $(SRC_DIR)/matht.c -o $(OBIS_DIR)/matht.o $(INC_FLAGS)

mk_objs_shared:
#  Implicit rule search has not been done.
#  Modification time never checked.
#  File has not been updated.
#  recipe to execute (from 'Makefile', line 37):
	$(CC) -c $(CURRENT_DIR)/main.c -o $(OBIS_DIR)/main.o $(INC_FLAGS)
	$(CC) -c -fPIC $(SRC_DIR)/hello.c -o $(OBIS_DIR)/hello.o $(INC_FLAGS)
	$(CC) -c -fPIC $(SRC_DIR)/matht.c -o $(OBIS_DIR)/matht.o $(INC_FLAGS)

# Not a target:
.DEFAULT:
#  Implicit rule search has not been done.
#  Modification time never checked.
#  File has not been updated.

clean:
#  Implicit rule search has not been done.
#  Modification time never checked.
#  File has not been updated.
#  recipe to execute (from 'Makefile', line 48):
	rm -rf $(OBIS_DIR)/*
	rm -rf $(LIB_SHARED)/*
	rm -rf $(LIB_STATIC)/*
	rm -rf $(BIN_DIR)/*

all_shared:
#  Implicit rule search has not been done.
#  Modification time never checked.
#  File has not been updated.
#  recipe to execute (from 'Makefile', line 45):
	$(CC) $(OBIS_DIR)/main.o -L$(LIB_SHARED) -l$(NAME_SHARED) -o $(BIN_DIR)/use-shared-library

# files hash-table stats:
# Load=12/1024=1%, Rehash=0, Collisions=2/24=8%
# VPATH Search Paths

# No 'vpath' search paths.

# No general ('VPATH' variable) search path.

# strcache buffers: 1 (0) / strings = 24 / storage = 200 B / avg = 8 B
# current buf: size = 8162 B / used = 200 B / count = 24 / avg = 8 B

# strcache performance: lookups = 37 / hit rate = 35%
# hash-table stats:
# Load=24/8192=0%, Rehash=0, Collisions=1/37=3%
# Finished Make data base on Sat Dec  2 07:25:50 2023

 
